2018-08-21 00:02:49 4096
2018-08-21 00:02:49 Yaf_Application::run(): Failed opening controller script /home/wwwroot/wallet/application/controllers/Explicit/not/exist/path.php: No such file or directory
2018-08-21 00:02:49 /home/wwwroot/wallet/public/index.php
2018-08-21 00:02:49 19
2018-08-21 00:02:50 4096
2018-08-21 00:02:50 Yaf_Application::run(): Failed opening controller script /home/wwwroot/wallet/application/controllers/Index.php.php: No such file or directory
2018-08-21 00:02:50 /home/wwwroot/wallet/public/index.php
2018-08-21 00:02:50 19
2018-08-21 00:02:50 4096
2018-08-21 00:02:50 Yaf_Application::run(): Failed opening controller script /home/wwwroot/wallet/application/controllers/Index.jsp.php: No such file or directory
2018-08-21 00:02:50 /home/wwwroot/wallet/public/index.php
2018-08-21 00:02:50 19
2018-08-21 00:02:51 4096
2018-08-21 00:02:51 Yaf_Application::run(): Failed opening controller script /home/wwwroot/wallet/application/controllers/Robots.txt.php: No such file or directory
2018-08-21 00:02:51 /home/wwwroot/wallet/public/index.php
2018-08-21 00:02:51 19
2018-08-21 00:02:51 4096
2018-08-21 00:02:51 Yaf_Application::run(): Failed opening controller script /home/wwwroot/wallet/application/controllers/README.php: No such file or directory
2018-08-21 00:02:51 /home/wwwroot/wallet/public/index.php
2018-08-21 00:02:51 19
2018-08-21 00:02:51 4096
2018-08-21 00:02:51 Yaf_Application::run(): Failed opening controller script /home/wwwroot/wallet/application/controllers/Solr.php: No such file or directory
2018-08-21 00:02:51 /home/wwwroot/wallet/public/index.php
2018-08-21 00:02:51 19
2018-08-21 00:02:51 4096
2018-08-21 00:02:51 Yaf_Application::run(): Failed opening controller script /home/wwwroot/wallet/application/controllers/Wcm.php: No such file or directory
2018-08-21 00:02:51 /home/wwwroot/wallet/public/index.php
2018-08-21 00:02:51 19
2018-08-21 00:02:52 4096
2018-08-21 00:02:52 Yaf_Application::run(): Failed opening controller script /home/wwwroot/wallet/application/controllers/PhpMyAdmin.php: No such file or directory
2018-08-21 00:02:52 /home/wwwroot/wallet/public/index.php
2018-08-21 00:02:52 19
2018-08-21 00:02:52 4096
2018-08-21 00:02:52 Yaf_Application::run(): Failed opening controller script /home/wwwroot/wallet/application/controllers/Phpmyadmin.php: No such file or directory
2018-08-21 00:02:52 /home/wwwroot/wallet/public/index.php
2018-08-21 00:02:52 19
2018-08-21 00:02:52 4096
2018-08-21 00:02:52 Yaf_Application::run(): Failed opening controller script /home/wwwroot/wallet/application/controllers/Pma.php: No such file or directory
2018-08-21 00:02:52 /home/wwwroot/wallet/public/index.php
2018-08-21 00:02:52 19
2018-08-21 07:52:43 4096
2018-08-21 07:52:43 Yaf_Application::run(): Failed opening controller script /home/wwwroot/wallet/application/controllers/Echo.php.php: No such file or directory
2018-08-21 07:52:43 /home/wwwroot/wallet/public/index.php
2018-08-21 07:52:43 19
2018-08-21 11:56:31 4096
2018-08-21 11:56:31 Yaf_Application::run(): Failed opening controller script /home/wwwroot/wallet/application/controllers/Manager.php: No such file or directory
2018-08-21 11:56:31 /home/wwwroot/wallet/public/index.php
2018-08-21 11:56:31 19
2018-08-21 23:57:01 4096
2018-08-21 23:57:01 Yaf_Application::run(): Failed opening controller script /home/wwwroot/wallet/application/controllers/Manager.php: No such file or directory
2018-08-21 23:57:01 /home/wwwroot/wallet/public/index.php
2018-08-21 23:57:01 19
