2018-08-20 11:56:16 4096
2018-08-20 11:56:16 Yaf_Application::run(): Failed opening controller script /home/wwwroot/wallet/application/controllers/Manager.php: No such file or directory
2018-08-20 11:56:16 /home/wwwroot/wallet/public/index.php
2018-08-20 11:56:16 19
2018-08-20 21:59:41 4096
2018-08-20 21:59:41 Yaf_Application::run(): Failed opening controller script /home/wwwroot/wallet/application/controllers/Explicit/not/exist/path.php: No such file or directory
2018-08-20 21:59:41 /home/wwwroot/wallet/public/index.php
2018-08-20 21:59:41 19
2018-08-20 21:59:42 4096
2018-08-20 21:59:42 Yaf_Application::run(): Failed opening controller script /home/wwwroot/wallet/application/controllers/Index.php.php: No such file or directory
2018-08-20 21:59:42 /home/wwwroot/wallet/public/index.php
2018-08-20 21:59:42 19
2018-08-20 21:59:42 4096
2018-08-20 21:59:42 Yaf_Application::run(): Failed opening controller script /home/wwwroot/wallet/application/controllers/Index.jsp.php: No such file or directory
2018-08-20 21:59:42 /home/wwwroot/wallet/public/index.php
2018-08-20 21:59:42 19
2018-08-20 21:59:43 4096
2018-08-20 21:59:43 Yaf_Application::run(): Failed opening controller script /home/wwwroot/wallet/application/controllers/Robots.txt.php: No such file or directory
2018-08-20 21:59:43 /home/wwwroot/wallet/public/index.php
2018-08-20 21:59:43 19
2018-08-20 21:59:43 4096
2018-08-20 21:59:43 Yaf_Application::run(): Failed opening controller script /home/wwwroot/wallet/application/controllers/README.php: No such file or directory
2018-08-20 21:59:43 /home/wwwroot/wallet/public/index.php
2018-08-20 21:59:43 19
2018-08-20 21:59:43 4096
2018-08-20 21:59:43 Yaf_Application::run(): Failed opening controller script /home/wwwroot/wallet/application/controllers/Solr.php: No such file or directory
2018-08-20 21:59:43 /home/wwwroot/wallet/public/index.php
2018-08-20 21:59:43 19
2018-08-20 21:59:44 4096
2018-08-20 21:59:44 Yaf_Application::run(): Failed opening controller script /home/wwwroot/wallet/application/controllers/Wcm.php: No such file or directory
2018-08-20 21:59:44 /home/wwwroot/wallet/public/index.php
2018-08-20 21:59:44 19
2018-08-20 21:59:44 4096
2018-08-20 21:59:44 Yaf_Application::run(): Failed opening controller script /home/wwwroot/wallet/application/controllers/PhpMyAdmin.php: No such file or directory
2018-08-20 21:59:44 /home/wwwroot/wallet/public/index.php
2018-08-20 21:59:44 19
2018-08-20 21:59:44 4096
2018-08-20 21:59:44 Yaf_Application::run(): Failed opening controller script /home/wwwroot/wallet/application/controllers/Phpmyadmin.php: No such file or directory
2018-08-20 21:59:44 /home/wwwroot/wallet/public/index.php
2018-08-20 21:59:44 19
2018-08-20 21:59:44 4096
2018-08-20 21:59:44 Yaf_Application::run(): Failed opening controller script /home/wwwroot/wallet/application/controllers/Pma.php: No such file or directory
2018-08-20 21:59:44 /home/wwwroot/wallet/public/index.php
2018-08-20 21:59:44 19
2018-08-20 23:56:52 4096
2018-08-20 23:56:52 Yaf_Application::run(): Failed opening controller script /home/wwwroot/wallet/application/controllers/Manager.php: No such file or directory
2018-08-20 23:56:52 /home/wwwroot/wallet/public/index.php
2018-08-20 23:56:52 19
